DLL version: 2.7.0
Monday, July 09, 2018 07:53:48   Start new logging
ModuleID[2] LevelID[10]: CMyExceptionHandler thread is running
ModuleID[2] LevelID[1]: new MxHidDeviceClass
ModuleID[2] LevelID[10]: new MxHidDevice[0580FC00]
ModuleID[2] LevelID[1]: new MxHidDeviceClass
ModuleID[2] LevelID[10]: new MxHidDevice[0581B458]
ModuleID[2] LevelID[1]: new MxHidDeviceClass
ModuleID[2] LevelID[10]: new MxHidDevice[05819458]
ModuleID[2] LevelID[1]: new MxHidDeviceClass
ModuleID[2] LevelID[10]: new MxHidDevice[0581AF20]
ModuleID[2] LevelID[1]: new MxHidDeviceClass
ModuleID[2] LevelID[10]: new MxHidDevice[05890DE0]
ModuleID[2] LevelID[1]: new MxHidDeviceClass
ModuleID[2] LevelID[10]: new MxHidDevice[058934C8]
ModuleID[2] LevelID[1]: new MxHidDeviceClass
ModuleID[2] LevelID[10]: new MxHidDevice[058914C8]
ModuleID[2] LevelID[10]: DeviceTypeDisk--_devices size: 4
ModuleID[2] LevelID[10]: Volume--StorageDisk, Disk->_driveNumber:2, Volume->_diskNumber:2
ModuleID[2] LevelID[10]: DeviceTypeDisk--find Disk device: 05892C60
ModuleID[2] LevelID[10]: Device::hubIndex::getmsc, return the port index is: 20
ModuleID[2] LevelID[10]: DeviceTypeDisk--_devices size: 4
ModuleID[2] LevelID[10]: Volume--StorageDisk, Disk->_driveNumber:2, Volume->_diskNumber:3
ModuleID[2] LevelID[10]: Volume--StorageDisk, Disk->_driveNumber:3, Volume->_diskNumber:3
ModuleID[2] LevelID[10]: DeviceTypeDisk--find Disk device: 05892EF0
ModuleID[2] LevelID[10]: Device::hubIndex::getmsc, return the port index is: 20
ModuleID[2] LevelID[10]: DeviceTypeDisk--_devices size: 4
ModuleID[2] LevelID[10]: Volume--StorageDisk, Disk->_driveNumber:2, Volume->_diskNumber:4
ModuleID[2] LevelID[10]: Volume--StorageDisk, Disk->_driveNumber:3, Volume->_diskNumber:4
ModuleID[2] LevelID[10]: Volume--StorageDisk, Disk->_driveNumber:4, Volume->_diskNumber:4
ModuleID[2] LevelID[10]: DeviceTypeDisk--find Disk device: 05893180
ModuleID[2] LevelID[10]: Device::hubIndex::getmsc, return the port index is: 20
ModuleID[2] LevelID[10]: DeviceTypeDisk--_devices size: 4
ModuleID[2] LevelID[10]: Volume--StorageDisk, Disk->_driveNumber:2, Volume->_diskNumber:5
ModuleID[2] LevelID[10]: Volume--StorageDisk, Disk->_driveNumber:3, Volume->_diskNumber:5
ModuleID[2] LevelID[10]: Volume--StorageDisk, Disk->_driveNumber:4, Volume->_diskNumber:5
ModuleID[2] LevelID[10]: Volume--StorageDisk, Disk->_driveNumber:5, Volume->_diskNumber:5
ModuleID[2] LevelID[10]: DeviceTypeDisk--find Disk device: 0596BFB0
ModuleID[2] LevelID[10]: Device::hubIndex::getmsc, return the port index is: 20
ModuleID[2] LevelID[10]: Device Manager thread is running
ModuleID[2] LevelID[1]: Can't set m_hStopEvent before it initialized or it already stop

ModuleID[2] LevelID[10]: CmdOperation[0] device chagned and reset to state 0
ModuleID[2] LevelID[10]: ExecuteCommand--Boot[WndIndex:0], File is C:\temp\2018-06-27_murata\ea-yocto-tmp\mfgtools_imx6q_4.9.11_1.0.0\Profiles\Linux\OS Firmware\firmware\u-boot-imx6qea-com.imx
ModuleID[2] LevelID[10]: CmdOperation[0], skip current command, so SetEvent(hDevCanDeleteEvent)
ModuleID[2] LevelID[10]: ExecuteCommand--Load[WndIndex:0], File is C:\temp\2018-06-27_murata\ea-yocto-tmp\mfgtools_imx6q_4.9.11_1.0.0\Profiles\Linux\OS Firmware\firmware\zImage-imx6qea-com, address is 0x12000000
ModuleID[2] LevelID[10]: PortMgrDlg(0)--Command Load excute successfully, retry count: 0
ModuleID[2] LevelID[10]: CmdOperation[0], skip current command, so SetEvent(hDevCanDeleteEvent)
ModuleID[2] LevelID[10]: ExecuteCommand--Load[WndIndex:0], File is C:\temp\2018-06-27_murata\ea-yocto-tmp\mfgtools_imx6q_4.9.11_1.0.0\Profiles\Linux\OS Firmware\firmware\fsl-image-mfgtool-initramfs-imx_mfgtools.cpio.gz.u-boot, address is 0x12C00000
ModuleID[2] LevelID[10]: PortMgrDlg(0)--Command Load excute successfully, retry count: 0
ModuleID[2] LevelID[10]: CmdOperation[0], skip current command, so SetEvent(hDevCanDeleteEvent)
ModuleID[2] LevelID[10]: ExecuteCommand--Load[WndIndex:0], File is C:\temp\2018-06-27_murata\ea-yocto-tmp\mfgtools_imx6q_4.9.11_1.0.0\Profiles\Linux\OS Firmware\firmware\imx6qea-com-kit.dtb, address is 0x18000000
ModuleID[2] LevelID[10]: PortMgrDlg(0)--Command Load excute successfully, retry count: 0
ModuleID[2] LevelID[10]: ExecuteCommand--Jump[WndIndex:0]
ModuleID[2] LevelID[10]: *********MxHidDevice[058914C8] Jump to Ramkernel successfully!**********
ModuleID[2] LevelID[10]: CmdOperation[0], current state command has been finished and the last command is successful, so SetEvent(hDevCanDeleteEvent)
ModuleID[2] LevelID[10]: DeviceManager::DevChangeWnd::OnDeviceChange() - DEVICE_REMOVAL_EVT(\\?\USB#VID_15A2&PID_0054#5&2e6c26e8&0&14#{a5dcbf10-6530-11d2-901f-00c04fb951ed})
ModuleID[2] LevelID[10]: DeviceManager::DevChangeWnd::OnDeviceChange() - end
ModuleID[2] LevelID[10]: DeviceManager::OnMsgDeviceEvent() - DEVICE_REMOVAL_EVT(\\?\USB#VID_15A2&PID_0054#5&2e6c26e8&0&14#{a5dcbf10-6530-11d2-901f-00c04fb951ed})
ModuleID[2] LevelID[10]: DeviceClass::FindDeviceByUsbPath--DeviceListType_Current, _devices.size: 1
ModuleID[2] LevelID[10]: DeviceClass::FindDeviceByUsbPath--DeviceListType_Current, devInstPathToFind: USB\VID_15A2&PID_0054\5&2E6C26E8&0&14, _deviceInstanceID: USB\VID_15A2&PID_0054\5&2E6C26E8&0&14
ModuleID[2] LevelID[10]: DeviceClass::FindDeviceByUsbPath--DeviceListType_Current, Find the device
ModuleID[2] LevelID[10]: DeviceManager::OnMsgDeviceEvent() - DEVICE_REMOVAL_EVT,[MxHidDeviceClass] vid_15a2&pid_0054, Hub:1-Port:14
ModuleID[2] LevelID[10]: DeviceManager::OnMsgDeviceEvent() - DEVICE_REMOVAL_EVT, Notify
ModuleID[2] LevelID[10]: CmdOpreation[0]--OnDeviceChangeNotify, Volume Arrive/Remove or Device Arrive/Remove
ModuleID[2] LevelID[10]: CmdOpreation[0]--OnDeviceChangeNotify, m_p_usb_port is not NULL, so only refresh
ModuleID[2] LevelID[10]: CmdOpreation[0]--OnDeviceChangeNotify, Volume/Device Remove
ModuleID[2] LevelID[1]: CmdOpreation[0]--set m_hDeviceRemoveEvent.
ModuleID[2] LevelID[10]: CmdOpreation[0]--WaitforEvents device remove1
ModuleID[2] LevelID[10]: DeviceManager::OnMsgDeviceEvent()-DEVICE_REMOVAL_EVT, hDevCanDeleteEvent has been set
ModuleID[2] LevelID[10]: delete MxHidDevice[058914C8]
ModuleID[2] LevelID[10]: DeviceManager::DevChangeWnd::OnDeviceChange() - DEVICE_ARRIVAL_EVT(\\?\USB#VID_066F&PID_37FF#5&2e6c26e8&0&14#{a5dcbf10-6530-11d2-901f-00c04fb951ed})
ModuleID[2] LevelID[10]: DeviceManager::DevChangeWnd::OnDeviceChange() - end
ModuleID[2] LevelID[10]: DeviceManager::OnMsgDeviceEvent() - DEVICE_ARRIVAL_EVT(\\?\USB#VID_066F&PID_37FF#5&2e6c26e8&0&14#{a5dcbf10-6530-11d2-901f-00c04fb951ed})
ModuleID[2] LevelID[10]: DeviceManager::OnMsgDeviceEvent() - DEVICE_ARRIVAL_EVT,[Msc,DiskDeviceClass] vid_066f&pid_37ff, not handled
ModuleID[2] LevelID[10]: DeviceManager::DevChangeWnd::OnDeviceChange() - VOLUME_ARRIVAL_EVT(K)
ModuleID[2] LevelID[10]: DeviceManager::DevChangeWnd::OnDeviceChange() - end
ModuleID[2] LevelID[10]: DeviceManager::OnMsgDeviceEvent() - VOLUME_ARRIVAL_EVT(K)
ModuleID[2] LevelID[10]: VolumeDeviceClass::AddUsbDevice()  K
ModuleID[2] LevelID[10]: DeviceTypeDisk--_devices size: 5
ModuleID[2] LevelID[10]: Volume--StorageDisk, Disk->_driveNumber:2, Volume->_diskNumber:2
ModuleID[2] LevelID[10]: DeviceTypeDisk--find Disk device: 05892C60
ModuleID[2] LevelID[10]: Device::hubIndex::getmsc, return the port index is: 20
ModuleID[2] LevelID[10]: DeviceTypeDisk--_devices size: 5
ModuleID[2] LevelID[10]: Volume--StorageDisk, Disk->_driveNumber:2, Volume->_diskNumber:3
ModuleID[2] LevelID[10]: Volume--StorageDisk, Disk->_driveNumber:3, Volume->_diskNumber:3
ModuleID[2] LevelID[10]: DeviceTypeDisk--find Disk device: 05892EF0
ModuleID[2] LevelID[10]: Device::hubIndex::getmsc, return the port index is: 20
ModuleID[2] LevelID[10]: DeviceTypeDisk--_devices size: 5
ModuleID[2] LevelID[10]: Volume--StorageDisk, Disk->_driveNumber:2, Volume->_diskNumber:4
ModuleID[2] LevelID[10]: Volume--StorageDisk, Disk->_driveNumber:3, Volume->_diskNumber:4
ModuleID[2] LevelID[10]: Volume--StorageDisk, Disk->_driveNumber:4, Volume->_diskNumber:4
ModuleID[2] LevelID[10]: DeviceTypeDisk--find Disk device: 05893180
ModuleID[2] LevelID[10]: Device::hubIndex::getmsc, return the port index is: 20
ModuleID[2] LevelID[10]: DeviceTypeDisk--_devices size: 5
ModuleID[2] LevelID[10]: Volume--StorageDisk, Disk->_driveNumber:2, Volume->_diskNumber:5
ModuleID[2] LevelID[10]: Volume--StorageDisk, Disk->_driveNumber:3, Volume->_diskNumber:5
ModuleID[2] LevelID[10]: Volume--StorageDisk, Disk->_driveNumber:4, Volume->_diskNumber:5
ModuleID[2] LevelID[10]: Volume--StorageDisk, Disk->_driveNumber:5, Volume->_diskNumber:5
ModuleID[2] LevelID[10]: DeviceTypeDisk--find Disk device: 0596BFB0
ModuleID[2] LevelID[10]: Device::hubIndex::getmsc, return the port index is: 20
ModuleID[2] LevelID[10]: DeviceTypeDisk--_devices size: 5
ModuleID[2] LevelID[10]: Volume--StorageDisk, Disk->_driveNumber:2, Volume->_diskNumber:6
ModuleID[2] LevelID[10]: Volume--StorageDisk, Disk->_driveNumber:3, Volume->_diskNumber:6
ModuleID[2] LevelID[10]: Volume--StorageDisk, Disk->_driveNumber:4, Volume->_diskNumber:6
ModuleID[2] LevelID[10]: Volume--StorageDisk, Disk->_driveNumber:5, Volume->_diskNumber:6
ModuleID[2] LevelID[10]: Volume--StorageDisk, Disk->_driveNumber:6, Volume->_diskNumber:6
ModuleID[2] LevelID[10]: DeviceTypeDisk--find Disk device: 058914C8
ModuleID[2] LevelID[10]: Device::hubIndex::getmsc, return the port index is: 14
ModuleID[2] LevelID[10]: VolumeDeviceClass::AddUsbDevice() successful K add to current list, retrycount: 0
ModuleID[2] LevelID[10]: Device::hubIndex::getmsc, return the port index is: 14
ModuleID[2] LevelID[10]: DeviceManager::OnMsgDeviceEvent() - VOLUME_ARRIVAL_EVT-Disk(K), Hub:1-Port:14
ModuleID[2] LevelID[10]: DeviceManager::OnMsgDeviceEvent() - VOLUME_ARRIVAL_EVT, Notify
ModuleID[2] LevelID[10]: CmdOpreation[0]--OnDeviceChangeNotify, Volume Arrive/Remove or Device Arrive/Remove
ModuleID[2] LevelID[10]: CmdOpreation[0]--OnDeviceChangeNotify, m_p_usb_port is not NULL, so only refresh
ModuleID[2] LevelID[10]: CmdOpreation[0]--OnDeviceChangeNotify, Volume/Device Arrive
ModuleID[2] LevelID[1]: CmdOpreation[0]--set m_hDeviceArriveEvent.
ModuleID[2] LevelID[10]: CmdOpreation[0]--WaitforEvents device arrive1
ModuleID[2] LevelID[10]: CmdOperation[0] device chagned and reset to state 1
ModuleID[2] LevelID[10]: ExecuteCommand--Push[WndIndex:0], Body is send
ModuleID[2] LevelID[10]: ExecuteCommand--Push[WndIndex:0], Body is $ tar xf $FILE 
ModuleID[2] LevelID[10]: ExecuteCommand--Push[WndIndex:0], Body is $ sh mksdcard.sh /dev/mmcblk3
ModuleID[2] LevelID[10]: ExecuteCommand--Push[WndIndex:0], Body is $ dd if=/dev/zero of=/dev/mmcblk3 bs=1k seek=384 conv=fsync count=129
ModuleID[2] LevelID[10]: ExecuteCommand--Push[WndIndex:0], Body is $ echo 0 > /sys/block/mmcblk3boot0/force_ro
ModuleID[2] LevelID[10]: ExecuteCommand--Push[WndIndex:0], Body is send
ModuleID[2] LevelID[10]: ExecuteCommand--Push[WndIndex:0], Body is $ dd if=$FILE of=/dev/mmcblk3boot0 bs=512 seek=2
ModuleID[2] LevelID[10]: ExecuteCommand--Push[WndIndex:0], Body is send
ModuleID[2] LevelID[10]: ExecuteCommand--Push[WndIndex:0], Body is $ dd if=$FILE of=/dev/mmcblk3boot0 bs=512 seek=138
ModuleID[2] LevelID[10]: ExecuteCommand--Push[WndIndex:0], Body is $ echo 1 > /sys/block/mmcblk3boot0/force_ro
ModuleID[2] LevelID[10]: ExecuteCommand--Push[WndIndex:0], Body is $ mmc bootpart enable 1 1 /dev/mmcblk3
ModuleID[2] LevelID[10]: ExecuteCommand--Push[WndIndex:0], Body is $ while [ ! -e /dev/mmcblk3p1 ]; do sleep 1; echo "waiting..."; done 
ModuleID[2] LevelID[10]: ExecuteCommand--Push[WndIndex:0], Body is $ mkfs.vfat /dev/mmcblk3p1
ModuleID[2] LevelID[10]: ExecuteCommand--Push[WndIndex:0], Body is $ mkdir -p /mnt/mmcblk3p1
ModuleID[2] LevelID[10]: ExecuteCommand--Push[WndIndex:0], Body is $ mount -t vfat /dev/mmcblk3p1 /mnt/mmcblk3p1
ModuleID[2] LevelID[10]: ExecuteCommand--Push[WndIndex:0], Body is send
ModuleID[2] LevelID[10]: ExecuteCommand--Push[WndIndex:0], Body is $ cp $FILE /mnt/mmcblk3p1/zImage
ModuleID[2] LevelID[10]: ExecuteCommand--Push[WndIndex:0], Body is send
ModuleID[2] LevelID[10]: ExecuteCommand--Push[WndIndex:0], Body is $ cp $FILE /mnt/mmcblk3p1/imx6qea-com-kit.dtb
ModuleID[2] LevelID[10]: ExecuteCommand--Push[WndIndex:0], Body is send
ModuleID[2] LevelID[10]: ExecuteCommand--Push[WndIndex:0], Body is $ cp $FILE /mnt/mmcblk3p1/imx6qea-com-kit-ov5640.dtb
ModuleID[2] LevelID[10]: ExecuteCommand--Push[WndIndex:0], Body is send
ModuleID[2] LevelID[10]: ExecuteCommand--Push[WndIndex:0], Body is $ cp $FILE /mnt/mmcblk3p1/imx6qea-com-kit-ov5640-pl.dtb
ModuleID[2] LevelID[10]: ExecuteCommand--Push[WndIndex:0], Body is send
ModuleID[2] LevelID[10]: ExecuteCommand--Push[WndIndex:0], Body is $ cp $FILE /mnt/mmcblk3p1/imx6qea-com-kit-sd.dtb
ModuleID[2] LevelID[10]: ExecuteCommand--Push[WndIndex:0], Body is send
ModuleID[2] LevelID[10]: ExecuteCommand--Push[WndIndex:0], Body is $ cp $FILE /mnt/mmcblk3p1/imx6qea-com-kit-pcie.dtb
ModuleID[2] LevelID[10]: ExecuteCommand--Push[WndIndex:0], Body is send
ModuleID[2] LevelID[10]: ExecuteCommand--Push[WndIndex:0], Body is $ cp $FILE /mnt/mmcblk3p1/boot.scr
ModuleID[2] LevelID[10]: ExecuteCommand--Push[WndIndex:0], Body is $ umount /mnt/mmcblk3p1
ModuleID[2] LevelID[10]: ExecuteCommand--Push[WndIndex:0], Body is $ mkfs.ext3 -F -j /dev/mmcblk3p2
ModuleID[2] LevelID[10]: ExecuteCommand--Push[WndIndex:0], Body is $ mkdir -p /mnt/mmcblk3p2
ModuleID[2] LevelID[10]: ExecuteCommand--Push[WndIndex:0], Body is $ mount -t ext3 /dev/mmcblk3p2 /mnt/mmcblk3p2
ModuleID[2] LevelID[10]: ExecuteCommand--Push[WndIndex:0], Body is pipe tar -jx -C /mnt/mmcblk3p2
ModuleID[2] LevelID[10]: ExecuteCommand--Push[WndIndex:0], Body is frf
ModuleID[2] LevelID[10]: ExecuteCommand--Push[WndIndex:0], Body is send
ModuleID[2] LevelID[10]: ExecuteCommand--Push[WndIndex:0], Body is $ cp $FILE /mnt/mmcblk3p2/home/root/gpio.py
ModuleID[2] LevelID[10]: ExecuteCommand--Push[WndIndex:0], Body is $ chmod +x /mnt/mmcblk3p2/home/root/gpio.py
ModuleID[2] LevelID[10]: ExecuteCommand--Push[WndIndex:0], Body is send
ModuleID[2] LevelID[10]: ExecuteCommand--Push[WndIndex:0], Body is $ cp $FILE /mnt/mmcblk3p2/home/root/wlan_up.sh
ModuleID[2] LevelID[10]: ExecuteCommand--Push[WndIndex:0], Body is $ chmod +x /mnt/mmcblk3p2/home/root/wlan_up.sh
ModuleID[2] LevelID[10]: ExecuteCommand--Push[WndIndex:0], Body is send
ModuleID[2] LevelID[10]: ExecuteCommand--Push[WndIndex:0], Body is $ cp $FILE /mnt/mmcblk3p2/home/root/.profile
ModuleID[2] LevelID[10]: ExecuteCommand--Push[WndIndex:0], Body is $ umount /mnt/mmcblk3p2
ModuleID[2] LevelID[10]: ExecuteCommand--Push[WndIndex:0], Body is $ echo Update Complete!
ModuleID[2] LevelID[10]: CCmdOpreation[0] thread is Closed
ModuleID[2] LevelID[10]: CCmdOpreation[0] thread is Closed
ModuleID[2] LevelID[10]: DeviceManager::OnMsgDeviceEvent() - EVENT_KILL
ModuleID[2] LevelID[10]: CMyExceptionHandler::OnMsgExceptionEvent() - KillExceptionHandlerThread
ModuleID[2] LevelID[10]: Exception Handler thread is closed
ModuleID[2] LevelID[1]: delete MxHidDeviceClass
ModuleID[2] LevelID[10]: Device Manager thread is closed
